0 info it worked if it ends with ok
1 verbose cli [ '/usr/local/bin/node',
1 verbose cli   '/usr/local/bin/npm',
1 verbose cli   'install',
1 verbose cli   '-g',
1 verbose cli   'nodemon' ]
2 info using npm@2.15.0
3 info using node@v4.4.2
4 verbose install initial load of /usr/local/lib/package.json
5 verbose readDependencies loading dependencies from /usr/local/lib/package.json
6 silly cache add args [ 'nodemon', null ]
7 verbose cache add spec nodemon
8 silly cache add parsed spec Result {
8 silly cache add   raw: 'nodemon',
8 silly cache add   scope: null,
8 silly cache add   name: 'nodemon',
8 silly cache add   rawSpec: '',
8 silly cache add   spec: 'latest',
8 silly cache add   type: 'tag' }
9 silly addNamed nodemon@latest
10 verbose addNamed "latest" is being treated as a dist-tag for nodemon
11 info addNameTag [ 'nodemon', 'latest' ]
12 silly mapToRegistry name nodemon
13 silly mapToRegistry using default registry
14 silly mapToRegistry registry https://registry.npmjs.org/
15 silly mapToRegistry data Result {
15 silly mapToRegistry   raw: 'nodemon',
15 silly mapToRegistry   scope: null,
15 silly mapToRegistry   name: 'nodemon',
15 silly mapToRegistry   rawSpec: '',
15 silly mapToRegistry   spec: 'latest',
15 silly mapToRegistry   type: 'tag' }
16 silly mapToRegistry uri https://registry.npmjs.org/nodemon
17 verbose addNameTag registry:https://registry.npmjs.org/nodemon not in flight; fetching
18 verbose request uri https://registry.npmjs.org/nodemon
19 verbose request no auth needed
20 info attempt registry request try #1 at 2:37:17 PM
21 verbose request id 243f50101000a23a
22 http request GET https://registry.npmjs.org/nodemon
23 http 200 https://registry.npmjs.org/nodemon
24 verbose headers { server: 'CouchDB/1.5.0 (Erlang OTP/R16B03)',
24 verbose headers   etag: '"EVY4W5N93IOXRZHCZG63MX4ZA"',
24 verbose headers   'content-type': 'application/json',
24 verbose headers   'content-encoding': 'gzip',
24 verbose headers   'cache-control': 'max-age=300',
24 verbose headers   'content-length': '23073',
24 verbose headers   'accept-ranges': 'bytes',
24 verbose headers   date: 'Thu, 07 Apr 2016 21:37:17 GMT',
24 verbose headers   via: '1.1 varnish',
24 verbose headers   age: '143',
24 verbose headers   connection: 'keep-alive',
24 verbose headers   'x-served-by': 'cache-sjc3128-SJC',
24 verbose headers   'x-cache': 'HIT',
24 verbose headers   'x-cache-hits': '1',
24 verbose headers   'x-timer': 'S1460065037.804234,VS0,VE0',
24 verbose headers   vary: 'Accept-Encoding' }
25 silly get cb [ 200,
25 silly get   { server: 'CouchDB/1.5.0 (Erlang OTP/R16B03)',
25 silly get     etag: '"EVY4W5N93IOXRZHCZG63MX4ZA"',
25 silly get     'content-type': 'application/json',
25 silly get     'content-encoding': 'gzip',
25 silly get     'cache-control': 'max-age=300',
25 silly get     'content-length': '23073',
25 silly get     'accept-ranges': 'bytes',
25 silly get     date: 'Thu, 07 Apr 2016 21:37:17 GMT',
25 silly get     via: '1.1 varnish',
25 silly get     age: '143',
25 silly get     connection: 'keep-alive',
25 silly get     'x-served-by': 'cache-sjc3128-SJC',
25 silly get     'x-cache': 'HIT',
25 silly get     'x-cache-hits': '1',
25 silly get     'x-timer': 'S1460065037.804234,VS0,VE0',
25 silly get     vary: 'Accept-Encoding' } ]
26 verbose get saving nodemon to /Users/elibyers/.npm/registry.npmjs.org/nodemon/.cache.json
27 verbose correctMkdir /Users/elibyers/.npm correctMkdir not in flight; initializing
28 verbose makeDirectory /Users/elibyers/.npm creation not in flight; initializing
29 silly makeDirectory /Users/elibyers/.npm uid: 501 gid: 20
30 silly addNameTag next cb for nodemon with tag latest
31 silly addNamed nodemon@1.9.1
32 verbose addNamed "1.9.1" is a plain semver version for nodemon
33 silly mapToRegistry name nodemon
34 silly mapToRegistry using default registry
35 silly mapToRegistry registry https://registry.npmjs.org/
36 silly mapToRegistry data Result {
36 silly mapToRegistry   raw: 'nodemon',
36 silly mapToRegistry   scope: null,
36 silly mapToRegistry   name: 'nodemon',
36 silly mapToRegistry   rawSpec: '',
36 silly mapToRegistry   spec: 'latest',
36 silly mapToRegistry   type: 'tag' }
37 silly mapToRegistry uri https://registry.npmjs.org/nodemon
38 verbose addRemoteTarball https://registry.npmjs.org/nodemon/-/nodemon-1.9.1.tgz not in flight; adding
39 verbose addRemoteTarball [ 'https://registry.npmjs.org/nodemon/-/nodemon-1.9.1.tgz',
39 verbose addRemoteTarball   '442071f88c39d801fb0bdfd209413da5dce6dad3' ]
40 info retry fetch attempt 1 at 2:37:17 PM
41 info attempt registry request try #1 at 2:37:17 PM
42 http fetch GET https://registry.npmjs.org/nodemon/-/nodemon-1.9.1.tgz
43 http fetch 200 https://registry.npmjs.org/nodemon/-/nodemon-1.9.1.tgz
44 silly fetchAndShaCheck shasum 442071f88c39d801fb0bdfd209413da5dce6dad3
45 verbose addTmpTarball /var/folders/fg/mfty_qqj0wx3pkzhl4x73dqr0000gn/T/npm-4783-0196f528/registry.npmjs.org/nodemon/-/nodemon-1.9.1.tgz not in flight; adding
46 verbose addTmpTarball already have metadata; skipping unpack for nodemon@1.9.1
47 verbose correctMkdir /Users/elibyers/.npm correctMkdir not in flight; initializing
48 silly cache afterAdd nodemon@1.9.1
49 verbose afterAdd /Users/elibyers/.npm/nodemon/1.9.1/package/package.json not in flight; writing
50 verbose correctMkdir /Users/elibyers/.npm correctMkdir not in flight; initializing
51 verbose afterAdd /Users/elibyers/.npm/nodemon/1.9.1/package/package.json written
52 silly install resolved [ { name: 'nodemon',
52 silly install resolved     homepage: 'http://nodemon.io',
52 silly install resolved     author: { name: 'Remy Sharp', url: 'http://github.com/remy' },
52 silly install resolved     bin: { nodemon: './bin/nodemon.js' },
52 silly install resolved     engines: { node: '>=0.8' },
52 silly install resolved     repository: { type: 'git', url: 'git+https://github.com/remy/nodemon.git' },
52 silly install resolved     description: 'Simple monitor script for use during development of a node.js app.',
52 silly install resolved     keywords:
52 silly install resolved      [ 'monitor',
52 silly install resolved        'development',
52 silly install resolved        'restart',
52 silly install resolved        'autoload',
52 silly install resolved        'reload',
52 silly install resolved        'terminal' ],
52 silly install resolved     license: 'MIT',
52 silly install resolved     main: './lib/nodemon',
52 silly install resolved     scripts:
52 silly install resolved      { coverage: 'istanbul cover _mocha -- --timeout 30000 --ui bdd --reporter list test/**/*.test.js',
52 silly install resolved        lint: 'jscs lib/**/*.js -v',
52 silly install resolved        ':spec': 'mocha --timeout 30000 --ui bdd test/**/*.test.js',
52 silly install resolved        test: 'npm run lint && npm run spec',
52 silly install resolved        spec: 'for FILE in test/**/*.test.js; do echo $FILE; ./node_modules/.bin/mocha --timeout 30000 $FILE; if [ $? -ne 0 ]; then exit 1; fi; sleep 1; done',
52 silly install resolved        web: 'node web',
52 silly install resolved        'semantic-release': 'semantic-release pre && npm publish && semantic-release post' },
52 silly install resolved     devDependencies:
52 silly install resolved      { async: '1.4.2',
52 silly install resolved        'coffee-script': '~1.7.1',
52 silly install resolved        connect: '~2.19.1',
52 silly install resolved        istanbul: '~0.2.10',
52 silly install resolved        jscs: '2.1.1',
52 silly install resolved        mocha: '2.3.3',
52 silly install resolved        should: '~4.0.0',
52 silly install resolved        'semantic-release': '4.3.5' },
52 silly install resolved     dependencies:
52 silly install resolved      { chokidar: '^1.2.0',
52 silly install resolved        debug: '^2.2.0',
52 silly install resolved        'es6-promise': '^3.0.2',
52 silly install resolved        'ignore-by-default': '^1.0.0',
52 silly install resolved        'lodash.defaults': '^3.1.2',
52 silly install resolved        minimatch: '^3.0.0',
52 silly install resolved        'ps-tree': '^1.0.1',
52 silly install resolved        touch: '1.0.0',
52 silly install resolved        undefsafe: '0.0.3',
52 silly install resolved        'update-notifier': '0.5.0' },
52 silly install resolved     version: '1.9.1',
52 silly install resolved     gitHead: '6ccb29864c7a17b578a5a09b9a2dd382bbb41066',
52 silly install resolved     bugs: { url: 'https://github.com/remy/nodemon/issues' },
52 silly install resolved     _id: 'nodemon@1.9.1',
52 silly install resolved     _shasum: '442071f88c39d801fb0bdfd209413da5dce6dad3',
52 silly install resolved     _from: 'nodemon@latest',
52 silly install resolved     _npmVersion: '2.14.20',
52 silly install resolved     _nodeVersion: '5.7.0',
52 silly install resolved     _npmUser: { name: 'remy', email: 'remy@leftlogic.com' },
52 silly install resolved     dist:
52 silly install resolved      { shasum: '442071f88c39d801fb0bdfd209413da5dce6dad3',
52 silly install resolved        tarball: 'https://registry.npmjs.org/nodemon/-/nodemon-1.9.1.tgz' },
52 silly install resolved     maintainers: [ [Object] ],
52 silly install resolved     _npmOperationalInternal:
52 silly install resolved      { host: 'packages-9-west.internal.npmjs.com',
52 silly install resolved        tmp: 'tmp/nodemon-1.9.1.tgz_1456434782204_0.8090351007413119' },
52 silly install resolved     directories: {},
52 silly install resolved     _resolved: 'https://registry.npmjs.org/nodemon/-/nodemon-1.9.1.tgz' } ]
53 info install nodemon@1.9.1 into /usr/local/lib
54 info installOne nodemon@1.9.1
55 verbose installOne of nodemon to /usr/local/lib not in flight; installing
56 verbose correctMkdir /Users/elibyers/.npm/_locks correctMkdir not in flight; initializing
57 verbose makeDirectory /Users/elibyers/.npm/_locks creation not in flight; initializing
58 silly makeDirectory /Users/elibyers/.npm/_locks uid: 501 gid: 20
59 verbose lock using /Users/elibyers/.npm/_locks/nodemon-49f7ed19e778991e.lock for /usr/local/lib/node_modules/nodemon
60 silly install write writing nodemon 1.9.1 to /usr/local/lib/node_modules/nodemon
61 verbose unbuild lib/node_modules/nodemon
62 silly gentlyRm /usr/local/lib/node_modules/nodemon is being purged from base /usr/local
63 verbose gentlyRm don't care about contents; nuking /usr/local/lib/node_modules/nodemon
64 verbose tar unpack /Users/elibyers/.npm/nodemon/1.9.1/package.tgz
65 verbose tar unpacking to /usr/local/lib/node_modules/nodemon
66 silly gentlyRm /usr/local/lib/node_modules/nodemon is being purged
67 verbose gentlyRm don't care about contents; nuking /usr/local/lib/node_modules/nodemon
68 silly gunzTarPerm modes [ '755', '644' ]
69 error tar.unpack untar error /Users/elibyers/.npm/nodemon/1.9.1/package.tgz
70 verbose unlock done using /Users/elibyers/.npm/_locks/nodemon-49f7ed19e778991e.lock for /usr/local/lib/node_modules/nodemon
71 verbose fstream_path /usr/local/lib/node_modules/nodemon
72 verbose fstream_type Directory
73 verbose fstream_class DirWriter
74 verbose stack Error: EACCES: permission denied, mkdir '/usr/local/lib/node_modules/nodemon'
74 verbose stack     at Error (native)
75 verbose fstream_stack /usr/local/lib/node_modules/npm/node_modules/fstream/lib/dir-writer.js:35:25
75 verbose fstream_stack /usr/local/lib/node_modules/npm/node_modules/mkdirp/index.js:47:53
75 verbose fstream_stack FSReqWrap.oncomplete (fs.js:82:15)
76 verbose cwd /Users/elibyers/Google Drive/Coding Dojo/Algos
77 error Darwin 15.3.0
78 error argv "/usr/local/bin/node" "/usr/local/bin/npm" "install" "-g" "nodemon"
79 error node v4.4.2
80 error npm  v2.15.0
81 error path /usr/local/lib/node_modules/nodemon
82 error code EACCES
83 error errno -13
84 error syscall mkdir
85 error Error: EACCES: permission denied, mkdir '/usr/local/lib/node_modules/nodemon'
85 error     at Error (native)
85 error  { [Error: EACCES: permission denied, mkdir '/usr/local/lib/node_modules/nodemon']
85 error   errno: -13,
85 error   code: 'EACCES',
85 error   syscall: 'mkdir',
85 error   path: '/usr/local/lib/node_modules/nodemon',
85 error   fstream_type: 'Directory',
85 error   fstream_path: '/usr/local/lib/node_modules/nodemon',
85 error   fstream_class: 'DirWriter',
85 error   fstream_stack:
85 error    [ '/usr/local/lib/node_modules/npm/node_modules/fstream/lib/dir-writer.js:35:25',
85 error      '/usr/local/lib/node_modules/npm/node_modules/mkdirp/index.js:47:53',
85 error      'FSReqWrap.oncomplete (fs.js:82:15)' ] }
86 error Please try running this command again as root/Administrator.
87 verbose exit [ -13, true ]
88 verbose unbuild lib/node_modules/nodemon
89 silly gentlyRm /usr/local/lib/node_modules/nodemon is being purged from base /usr/local
90 verbose gentlyRm don't care about contents; nuking /usr/local/lib/node_modules/nodemon
